<?xml version="1.0" encoding="UTF-8"?>
<testng-results ignored="0" total="1" passed="1" failed="0" skipped="0">
  <reporter-output>
  </reporter-output>
  <suite started-at="2024-01-04T23:49:29 IST" name="BaseTest" finished-at="2024-01-04T23:49:52 IST" duration-ms="23556">
    <groups>
    </groups>
    <test started-at="2024-01-04T23:49:29 IST" name="ECommerceTest" finished-at="2024-01-04T23:49:52 IST" duration-ms="23556">
      <class name="com.capstone.tests.ECommerceTest">
        <test-method is-config="true" signature="setUp()[pri:0, instance:com.capstone.tests.ECommerceTest@2fd953a6]" started-at="2024-01-04T23:49:10 IST" name="setUp" finished-at="2024-01-04T23:49:29 IST" duration-ms="18205" status="PASS">
          <reporter-output>
          </reporter-output>
        </test-method> <!-- setUp -->
        <test-method signature="testECommerceScenario()[pri:0, instance:com.capstone.tests.ECommerceTest@2fd953a6]" started-at="2024-01-04T23:49:29 IST" name="testECommerceScenario" finished-at="2024-01-04T23:49:52 IST" duration-ms="23464" status="PASS">
          <reporter-output>
          </reporter-output>
        </test-method> <!-- testECommerceScenario -->
        <test-method is-config="true" signature="tearDown()[pri:0, instance:com.capstone.tests.ECommerceTest@2fd953a6]" started-at="2024-01-04T23:49:52 IST" name="tearDown" finished-at="2024-01-04T23:49:52 IST" duration-ms="0" status="PASS">
          <reporter-output>
          </reporter-output>
        </test-method> <!-- tearDown -->
      </class> <!-- com.capstone.tests.ECommerceTest -->
    </test> <!-- ECommerceTest -->
  </suite> <!-- BaseTest -->
</testng-results>
